c:\users\user\source\repos\mygame\mygame\debug\vc141.pdb
c:\users\user\source\repos\mygame\mygame\debug\vc141.idb
c:\users\user\source\repos\mygame\mygame\debug\systemcontrol.obj
c:\users\user\source\repos\mygame\mygame\debug\main.obj
c:\users\user\source\repos\mygame\mygame\debug\gamecontrol.obj
c:\users\user\source\repos\mygame\mygame\debug\fps.obj
c:\users\user\source\repos\mygame\mygame\debug\base.obj
c:\users\user\source\repos\mygame\mygame\debug\field.obj
c:\users\user\source\repos\mygame\mygame\debug\character.obj
c:\users\user\source\repos\mygame\mygame\debug\player.obj
c:\users\user\source\repos\mygame\mygame\debug\enemy.obj
c:\users\user\source\repos\mygame\mygame\debug\fire.obj
c:\users\user\source\repos\mygame\mygame\debug\bomb.obj
c:\users\user\source\repos\mygame\mygame\debug\gameconfig.obj
c:\users\user\source\repos\mygame\mygame\debug\gamemodecustom.obj
c:\users\user\source\repos\mygame\debug\mygame.exe
c:\users\user\source\repos\mygame\debug\mygame.ilk
c:\users\user\source\repos\mygame\debug\mygame.pdb
c:\users\user\source\repos\mygame\mygame\debug\bomb.obj.enc
c:\users\user\source\repos\mygame\mygame\debug\mygame.tlog\cl.command.1.tlog
c:\users\user\source\repos\mygame\mygame\debug\mygame.tlog\cl.read.1.tlog
c:\users\user\source\repos\mygame\mygame\debug\mygame.tlog\cl.write.1.tlog
c:\users\user\source\repos\mygame\mygame\debug\mygame.tlog\link.command.1.tlog
c:\users\user\source\repos\mygame\mygame\debug\mygame.tlog\link.read.1.tlog
c:\users\user\source\repos\mygame\mygame\debug\mygame.tlog\link.write.1.tlog
